# JRE version: OpenJDK Runtime Environment (8.0_112-b06) (build 1.8.0_112-release-b06)
# Java VM: OpenJDK 64-Bit Server VM (25.112-b06 mixed mode linux-amd64 compressed oops)
Heap:
 PSYoungGen      total 330752K, used 11821K [0x00000000e0000000, 0x00000000f7080000, 0x0000000100000000)
  eden space 284160K, 0% used [0x00000000e0000000,0x00000000e0000000,0x00000000f1580000)
  from space 46592K, 25% used [0x00000000f1580000,0x00000000f210b470,0x00000000f4300000)
  to   space 41472K, 0% used [0x00000000f4800000,0x00000000f4800000,0x00000000f7080000)
 ParOldGen       total 174080K, used 117305K [0x00000000a0000000, 0x00000000aaa00000, 0x00000000e0000000)
  object space 174080K, 67% used [0x00000000a0000000,0x00000000a728e7c0,0x00000000aaa00000)
 Metaspace       used 65340K, capacity 67420K, committed 67496K, reserved 1107968K
  class space    used 8402K, capacity 8814K, committed 8880K, reserved 1048576K
GC Heap History (10 events):
Event: 11.698 GC heap after
Heap after GC invocations=13 (full 3):
 PSYoungGen      total 216576K, used 0K [0x00000000e0000000, 0x00000000eee00000, 0x0000000100000000)
  eden space 188928K, 0% used [0x00000000e0000000,0x00000000e0000000,0x00000000eb880000)
  from space 27648K, 0% used [0x00000000ed300000,0x00000000ed300000,0x00000000eee00000)
  to   space 27136K, 0% used [0x00000000eb880000,0x00000000eb880000,0x00000000ed300000)
 ParOldGen       total 174080K, used 41823K [0x00000000a0000000, 0x00000000aaa00000, 0x00000000e0000000)
  object space 174080K, 24% used [0x00000000a0000000,0x00000000a28d7d40,0x00000000aaa00000)
 Metaspace       used 57098K, capacity 59004K, committed 59160K, reserved 1099776K
  class space    used 7654K, capacity 8044K, committed 8112K, reserved 1048576K
}
Event: 14.863 GC heap before
{Heap before GC invocations=14 (full 3):
 PSYoungGen      total 216576K, used 188928K [0x00000000e0000000, 0x00000000eee00000, 0x0000000100000000)
  eden space 188928K, 100% used [0x00000000e0000000,0x00000000eb880000,0x00000000eb880000)
  from space 27648K, 0% used [0x00000000ed300000,0x00000000ed300000,0x00000000eee00000)
  to   space 27136K, 0% used [0x00000000eb880000,0x00000000eb880000,0x00000000ed300000)
 ParOldGen       total 174080K, used 41823K [0x00000000a0000000, 0x00000000aaa00000, 0x00000000e0000000)
  object space 174080K, 24% used [0x00000000a0000000,0x00000000a28d7d40,0x00000000aaa00000)
 Metaspace       used 59597K, capacity 61596K, committed 61736K, reserved 1103872K
  class space    used 7799K, capacity 8204K, committed 8240K, reserved 1048576K
Event: 14.937 GC heap after
Heap after GC invocations=14 (full 3):
 PSYoungGen      total 216064K, used 27114K [0x00000000e0000000, 0x00000000f2580000, 0x0000000100000000)
  eden space 188928K, 0% used [0x00000000e0000000,0x00000000e0000000,0x00000000eb880000)
  from space 27136K, 99% used [0x00000000eb880000,0x00000000ed2fabd0,0x00000000ed300000)
  to   space 34304K, 0% used [0x00000000f0400000,0x00000000f0400000,0x00000000f2580000)
 ParOldGen       total 174080K, used 51505K [0x00000000a0000000, 0x00000000aaa00000, 0x00000000e0000000)
  object space 174080K, 29% used [0x00000000a0000000,0x00000000a324c798,0x00000000aaa00000)
 Metaspace       used 59597K, capacity 61596K, committed 61736K, reserved 1103872K
  class space    used 7799K, capacity 8204K, committed 8240K, reserved 1048576K
}
Event: 17.696 GC heap before
{Heap before GC invocations=15 (full 3):
 PSYoungGen      total 216064K, used 207110K [0x00000000e0000000, 0x00000000f2580000, 0x0000000100000000)
  eden space 188928K, 95% used [0x00000000e0000000,0x00000000eafc6d78,0x00000000eb880000)
  from space 27136K, 99% used [0x00000000eb880000,0x00000000ed2fabd0,0x00000000ed300000)
  to   space 34304K, 0% used [0x00000000f0400000,0x00000000f0400000,0x00000000f2580000)
 ParOldGen       total 174080K, used 51505K [0x00000000a0000000, 0x00000000aaa00000, 0x00000000e0000000)
  object space 174080K, 29% used [0x00000000a0000000,0x00000000a324c798,0x00000000aaa00000)
 Metaspace       used 62814K, capacity 64778K, committed 65064K, reserved 1105920K
  class space    used 8080K, capacity 8471K, committed 8496K, reserved 1048576K
Event: 17.797 GC heap after
Heap after GC invocations=15 (full 3):
 PSYoungGen      total 257024K, used 34289K [0x00000000e0000000, 0x00000000f3a80000, 0x0000000100000000)
  eden space 222720K, 0% used [0x00000000e0000000,0x00000000e0000000,0x00000000ed980000)
  from space 34304K, 99% used [0x00000000f0400000,0x00000000f257c708,0x00000000f2580000)
  to   space 43520K, 0% used [0x00000000ed980000,0x00000000ed980000,0x00000000f0400000)
 ParOldGen       total 174080K, used 62043K [0x00000000a0000000, 0x00000000aaa00000, 0x00000000e0000000)
  object space 174080K, 35% used [0x00000000a0000000,0x00000000a3c96e00,0x00000000aaa00000)
 Metaspace       used 62814K, capacity 64778K, committed 65064K, reserved 1105920K
  class space    used 8080K, capacity 8471K, committed 8496K, reserved 1048576K
}
Event: 19.008 GC heap before
{Heap before GC invocations=16 (full 3):
 PSYoungGen      total 257024K, used 257009K [0x00000000e0000000, 0x00000000f3a80000, 0x0000000100000000)
  eden space 222720K, 100% used [0x00000000e0000000,0x00000000ed980000,0x00000000ed980000)
  from space 34304K, 99% used [0x00000000f0400000,0x00000000f257c708,0x00000000f2580000)
  to   space 43520K, 0% used [0x00000000ed980000,0x00000000ed980000,0x00000000f0400000)
 ParOldGen       total 174080K, used 62043K [0x00000000a0000000, 0x00000000aaa00000, 0x00000000e0000000)
  object space 174080K, 35% used [0x00000000a0000000,0x00000000a3c96e00,0x00000000aaa00000)
 Metaspace       used 63357K, capacity 65290K, committed 65448K, reserved 1105920K
  class space    used 8132K, capacity 8535K, committed 8624K, reserved 1048576K
Event: 19.098 GC heap after
Heap after GC invocations=16 (full 3):
 PSYoungGen      total 266240K, used 35702K [0x00000000e0000000, 0x00000000f7680000, 0x0000000100000000)
  eden space 222720K, 0% used [0x00000000e0000000,0x00000000e0000000,0x00000000ed980000)
  from space 43520K, 82% used [0x00000000ed980000,0x00000000efc5db08,0x00000000f0400000)
  to   space 47616K, 0% used [0x00000000f4800000,0x00000000f4800000,0x00000000f7680000)
 ParOldGen       total 174080K, used 96196K [0x00000000a0000000, 0x00000000aaa00000, 0x00000000e0000000)
  object space 174080K, 55% used [0x00000000a0000000,0x00000000a5df12b8,0x00000000aaa00000)
 Metaspace       used 63357K, capacity 65290K, committed 65448K, reserved 1105920K
  class space    used 8132K, capacity 8535K, committed 8624K, reserved 1048576K
}
Event: 20.821 GC heap before
{Heap before GC invocations=17 (full 3):
 PSYoungGen      total 266240K, used 258422K [0x00000000e0000000, 0x00000000f7680000, 0x0000000100000000)
  eden space 222720K, 100% used [0x00000000e0000000,0x00000000ed980000,0x00000000ed980000)
  from space 43520K, 82% used [0x00000000ed980000,0x00000000efc5db08,0x00000000f0400000)
  to   space 47616K, 0% used [0x00000000f4800000,0x00000000f4800000,0x00000000f7680000)
 ParOldGen       total 174080K, used 96196K [0x00000000a0000000, 0x00000000aaa00000, 0x00000000e0000000)
  object space 174080K, 55% used [0x00000000a0000000,0x00000000a5df12b8,0x00000000aaa00000)
 Metaspace       used 64530K, capacity 66604K, committed 66856K, reserved 1107968K
  class space    used 8275K, capacity 8674K, committed 8752K, reserved 1048576K
Event: 20.870 GC heap after
Heap after GC invocations=17 (full 3):
 PSYoungGen      total 325632K, used 25208K [0x00000000e0000000, 0x00000000f7080000, 0x0000000100000000)
  eden space 284160K, 0% used [0x00000000e0000000,0x00000000e0000000,0x00000000f1580000)
  from space 41472K, 60% used [0x00000000f4800000,0x00000000f609e020,0x00000000f7080000)
  to   space 46592K, 0% used [0x00000000f1580000,0x00000000f1580000,0x00000000f4300000)
 ParOldGen       total 174080K, used 117297K [0x00000000a0000000, 0x00000000aaa00000, 0x00000000e0000000)
  object space 174080K, 67% used [0x00000000a0000000,0x00000000a728c7c0,0x00000000aaa00000)
 Metaspace       used 64530K, capacity 66604K, committed 66856K, reserved 1107968K
  class space    used 8275K, capacity 8674K, committed 8752K, reserved 1048576K
}
Event: 44.757 GC heap before
{Heap before GC invocations=18 (full 3):
 PSYoungGen      total 325632K, used 309350K [0x00000000e0000000, 0x00000000f7080000, 0x0000000100000000)
  eden space 284160K, 99% used [0x00000000e0000000,0x00000000f157bad8,0x00000000f1580000)
  from space 41472K, 60% used [0x00000000f4800000,0x00000000f609e020,0x00000000f7080000)
  to   space 46592K, 0% used [0x00000000f1580000,0x00000000f1580000,0x00000000f4300000)
 ParOldGen       total 174080K, used 117297K [0x00000000a0000000, 0x00000000aaa00000, 0x00000000e0000000)
  object space 174080K, 67% used [0x00000000a0000000,0x00000000a728c7c0,0x00000000aaa00000)
 Metaspace       used 65340K, capacity 67420K, committed 67496K, reserved 1107968K
  class space    used 8402K, capacity 8814K, committed 8880K, reserved 1048576K

